<?xml version="1.0" encoding="UTF-8"?>
<!-- Generated by org.testng.reporters.JUnitXMLReporter -->
<testsuite ignored="0" hostname="LAPTOP-7UM2J40L" failures="1" tests="1" name="SyncExceptionTest" time="11.659" errors="0" timestamp="2025-08-18T19:27:11 IST">
  <testcase classname="selenium.SyncExceptionTest" name="testLoginWithSyncAndExceptionHandling" time="0.348">
    <failure type="java.lang.AssertionError" message="Test failed due to unexpected exception.">
      <![CDATA[java.lang.AssertionError: Test failed due to unexpected exception.
at selenium.SyncExceptionTest.testLoginWithSyncAndExceptionHandling(SyncExceptionTest.java:61)
at java.base/java.util.ArrayList.forEach(ArrayList.java:1511)
... Removed 28 stack frames]]>
    </failure>
  </testcase> <!-- testLoginWithSyncAndExceptionHandling -->
</testsuite> <!-- SyncExceptionTest -->
