<?xml version="1.0" encoding="UTF-8"?>
<!-- Generated by org.testng.reporters.JUnitXMLReporter -->
<testsuite ignored="1" hostname="LAPTOP-7UM2J40L" failures="2" tests="2" name="Smoke Tests" time="20.687" errors="0" timestamp="2025-08-18T12:58:48 IST">
  <testcase classname="testdemo.ParaBankTesting" name="RegisterNewUser" time="0.0">
    <failure type="java.lang.RuntimeException" message="java.io.FileNotFoundException: src\test\resources\RegisterData.xlsx (The system cannot find the file specified)">
      <![CDATA[java.lang.RuntimeException: java.io.FileNotFoundException: src\test\resources\RegisterData.xlsx (The system cannot find the file specified)
at java.base/java.util.ArrayList.forEach(ArrayList.java:1511)
Caused by: java.io.FileNotFoundException: src\test\resources\RegisterData.xlsx (The system cannot find the file specified)
at java.base/java.io.FileInputStream.open0(Native Method)
at java.base/java.io.FileInputStream.open(FileInputStream.java:216)
at java.base/java.io.FileInputStream.<init>(FileInputStream.java:157)
at java.base/java.io.FileInputStream.<init>(FileInputStream.java:111)
at testdemo.ExcelProvider1.getTestData(ExcelProvider1.java:9)
at testdemo.ParaBankTesting.registerdata(ParaBankTesting.java:130)
... 25 more
... Removed 32 stack frames]]>
    </failure>
  </testcase> <!-- RegisterNewUser -->
  <testcase classname="testdemo.ParaBankTesting" name="Login" time="0.0">
    <failure type="java.lang.RuntimeException" message="java.io.FileNotFoundException: src\test\resources\LoginData.xlsx (The system cannot find the file specified)">
      <![CDATA[java.lang.RuntimeException: java.io.FileNotFoundException: src\test\resources\LoginData.xlsx (The system cannot find the file specified)
at java.base/java.util.ArrayList.forEach(ArrayList.java:1511)
Caused by: java.io.FileNotFoundException: src\test\resources\LoginData.xlsx (The system cannot find the file specified)
at java.base/java.io.FileInputStream.open0(Native Method)
at java.base/java.io.FileInputStream.open(FileInputStream.java:216)
at java.base/java.io.FileInputStream.<init>(FileInputStream.java:157)
at java.base/java.io.FileInputStream.<init>(FileInputStream.java:111)
at testdemo.ExcelProvider1.getTestData(ExcelProvider1.java:9)
at testdemo.ParaBankTesting.logInData(ParaBankTesting.java:126)
... 25 more
... Removed 32 stack frames]]>
    </failure>
  </testcase> <!-- Login -->
  <testcase classname="testdemo.ParaBankTesting" name="CustomerCare" time="0.0">
    <ignored/>
  </testcase> <!-- CustomerCare -->
</testsuite> <!-- Smoke Tests -->
