<?xml version="1.0" encoding="UTF-8"?>
<!-- Generated by org.testng.reporters.JUnitXMLReporter -->
<testsuite ignored="2" hostname="LAPTOP-7UM2J40L" failures="0" tests="1" name="Test1" time="16.024" errors="0" timestamp="2025-08-14T16:59:43 IST">
  <testcase classname="testdemo.ParaBankTesting" name="RegisterNewUser" time="3.417"/>
  <testcase classname="testdemo.ParaBankTesting" name="CustomerCare" time="0.0">
    <ignored/>
  </testcase> <!-- CustomerCare -->
  <testcase classname="testdemo.ParaBankTesting" name="Login" time="0.0">
    <ignored/>
  </testcase> <!-- Login -->
</testsuite> <!-- Test1 -->
