<?xml version="1.0" encoding="UTF-8"?>
<!-- Generated by org.testng.reporters.JUnitXMLReporter -->
<testsuite ignored="1" hostname="LAPTOP-7UM2J40L" failures="0" tests="3" name="Test2" time="41.426" errors="0" timestamp="2025-08-16T17:57:25 IST">
  <testcase classname="testdemo.ParaBankTesting" name="RegisterNewUser" time="5.894"/>
  <testcase classname="testdemo.ParaBankTesting" name="Login" time="12.774"/>
  <testcase classname="testdemo.ParaBankTesting" name="Login" time="12.953"/>
  <testcase classname="testdemo.ParaBankTesting" name="CustomerCare" time="0.0">
    <ignored/>
  </testcase> <!-- CustomerCare -->
</testsuite> <!-- Test2 -->
