<?xml version="1.0" encoding="UTF-8"?>
<testng-results ignored="1" total="4" passed="3" failed="0" skipped="0">
  <reporter-output>
  </reporter-output>
  <suite started-at="2025-08-16T17:56:43 IST" name="Suite" finished-at="2025-08-16T17:57:25 IST" duration-ms="41426">
    <groups>
      <group name="regression">
        <method signature="ParaBankTesting.RegisterNewUser()[pri:1, instance:testdemo.ParaBankTesting@350aac89]" name="RegisterNewUser" class="testdemo.ParaBankTesting"/>
        <method signature="ParaBankTesting.Login(java.lang.String,java.lang.String)[pri:2, instance:testdemo.ParaBankTesting@350aac89]" name="Login" class="testdemo.ParaBankTesting"/>
      </group> <!-- regression -->
      <group name="smoke">
        <method signature="ParaBankTesting.RegisterNewUser()[pri:1, instance:testdemo.ParaBankTesting@350aac89]" name="RegisterNewUser" class="testdemo.ParaBankTesting"/>
        <method signature="ParaBankTesting.Login(java.lang.String,java.lang.String)[pri:2, instance:testdemo.ParaBankTesting@350aac89]" name="Login" class="testdemo.ParaBankTesting"/>
      </group> <!-- smoke -->
    </groups>
    <test started-at="2025-08-16T17:56:43 IST" name="Test2" finished-at="2025-08-16T17:57:25 IST" duration-ms="41426">
      <class name="testdemo.ParaBankTesting">
        <test-method is-config="true" signature="LaunchBrowser(java.lang.String,java.lang.String)[pri:0, instance:testdemo.ParaBankTesting@350aac89]" started-at="2025-08-16T17:56:43 IST" name="LaunchBrowser" finished-at="2025-08-16T17:56:53 IST" duration-ms="9679" status="PASS">
          <params>
            <param index="0">
              <value>
                <![CDATA[Chrome]]>
              </value>
            </param>
            <param index="1">
              <value>
                <![CDATA[https://parabank.parasoft.com/]]>
              </value>
            </param>
          </params>
          <reporter-output>
          </reporter-output>
        </test-method> <!-- LaunchBrowser -->
        <test-method signature="RegisterNewUser()[pri:1, instance:testdemo.ParaBankTesting@350aac89]" started-at="2025-08-16T17:56:53 IST" name="RegisterNewUser" finished-at="2025-08-16T17:56:59 IST" duration-ms="5894" status="PASS">
          <reporter-output>
          </reporter-output>
        </test-method> <!-- RegisterNewUser -->
        <test-method signature="Login(java.lang.String,java.lang.String)[pri:2, instance:testdemo.ParaBankTesting@350aac89]" started-at="2025-08-16T17:56:59 IST" name="Login" data-provider="logInTestData" finished-at="2025-08-16T17:57:12 IST" duration-ms="12774" status="PASS">
          <params>
            <param index="0">
              <value>
                <![CDATA[Shri19]]>
              </value>
            </param>
            <param index="1">
              <value>
                <![CDATA[admin123]]>
              </value>
            </param>
          </params>
          <reporter-output>
          </reporter-output>
        </test-method> <!-- Login -->
        <test-method signature="Login(java.lang.String,java.lang.String)[pri:2, instance:testdemo.ParaBankTesting@350aac89]" started-at="2025-08-16T17:57:12 IST" name="Login" data-provider="logInTestData" finished-at="2025-08-16T17:57:25 IST" duration-ms="12953" status="PASS">
          <params>
            <param index="0">
              <value>
                <![CDATA[Abhas1]]>
              </value>
            </param>
            <param index="1">
              <value>
                <![CDATA[Admin123]]>
              </value>
            </param>
          </params>
          <reporter-output>
          </reporter-output>
        </test-method> <!-- Login -->
      </class> <!-- testdemo.ParaBankTesting -->
    </test> <!-- Test2 -->
  </suite> <!-- Suite -->
</testng-results>
