<?xml version="1.0" encoding="UTF-8"?>
<testng-results ignored="0" total="1" passed="1" failed="0" skipped="0">
  <reporter-output>
  </reporter-output>
  <suite started-at="2025-08-13T17:04:12 IST" name="Default suite" finished-at="2025-08-13T17:04:27 IST" duration-ms="15334">
    <groups>
    </groups>
    <test started-at="2025-08-13T17:04:12 IST" name="Default test" finished-at="2025-08-13T17:04:27 IST" duration-ms="15334">
      <class name="testdemo.ParaBankTesting">
        <test-method is-config="true" signature="LunchBrowser()[pri:0, instance:testdemo.ParaBankTesting@27406a17]" started-at="2025-08-13T17:04:12 IST" name="LunchBrowser" finished-at="2025-08-13T17:04:20 IST" duration-ms="7751" status="PASS">
          <reporter-output>
          </reporter-output>
        </test-method> <!-- LunchBrowser -->
        <test-method signature="RegisterNewUser()[pri:0, instance:testdemo.ParaBankTesting@27406a17]" started-at="2025-08-13T17:04:20 IST" name="RegisterNewUser" finished-at="2025-08-13T17:04:25 IST" duration-ms="5251" status="PASS">
          <reporter-output>
          </reporter-output>
        </test-method> <!-- RegisterNewUser -->
        <test-method is-config="true" signature="Login()[pri:0, instance:testdemo.ParaBankTesting@27406a17]" started-at="2025-08-13T17:04:25 IST" name="Login" finished-at="2025-08-13T17:04:27 IST" duration-ms="2260" status="PASS">
          <reporter-output>
          </reporter-output>
        </test-method> <!-- Login -->
      </class> <!-- testdemo.ParaBankTesting -->
    </test> <!-- Default test -->
  </suite> <!-- Default suite -->
</testng-results>
