<?xml version="1.0" encoding="UTF-8"?>
<!-- Generated by org.testng.reporters.JUnitReportReporter -->
<testsuite hostname="LAPTOP-7UM2J40L" failures="0" tests="4" name="testdemo.ParaBankTesting" time="31.621" errors="0" timestamp="2025-08-16T17:57:25 IST" skipped="1">
  <testcase classname="testdemo.ParaBankTesting" name="RegisterNewUser" time="5.894"/>
  <testcase classname="testdemo.ParaBankTesting" name="Login" time="12.774"/>
  <testcase classname="testdemo.ParaBankTesting" name="Login" time="12.953"/>
  <testcase classname="testdemo.ParaBankTesting" name="CustomerCare">
    <skipped/>
  </testcase> <!-- CustomerCare -->
</testsuite> <!-- testdemo.ParaBankTesting -->
